<?xml version="1.0" encoding="UTF-8"?>
<!-- Generated by org.testng.reporters.JUnitReportReporter -->
<testsuite skipped="0" hostname="SteveJ" name="com.sanityTests.SanityTests" tests="1" failures="0" timestamp="16 Jun 2020 19:33:03 GMT" time="19.535" errors="0">
  <testcase name="searchforHome" time="19.535" classname="com.sanityTests.SanityTests"/>
</testsuite> <!-- com.sanityTests.SanityTests -->
