<?xml version="1.0" encoding="UTF-8"?>
<!-- Generated by org.testng.reporters.JUnitReportReporter -->
<testsuite skipped="0" hostname="SteveJ" name="com.sanityTests.SanityTestsWithTestNG" tests="1" failures="0" timestamp="21 Jun 2020 13:20:30 GMT" time="24.365" errors="0">
  <testcase name="searchforHome" time="24.365" classname="com.sanityTests.SanityTestsWithTestNG"/>
</testsuite> <!-- com.sanityTests.SanityTestsWithTestNG -->
